<?xml version="1.0" encoding="UTF-8"?>
<!-- Generated by org.testng.reporters.JUnitXMLReporter -->
<testsuite ignored="0" hostname="Vainavi" failures="0" tests="7" name="MyTest" time="15.389" errors="0" timestamp="2024-08-01T15:46:37 BST">
  <testcase classname="TestNG.OrangeHRM" name="openApp" time="10.32"/>
  <testcase classname="TestNG.OrangeHRM" name="testLogo" time="3.07"/>
  <testcase classname="TestNG.OrangeHRM" name="Login" time="1.498"/>
  <testcase classname="TestNG.OrangeHRM" name="closeApp" time="0.39"/>
  <testcase classname="TestNG.Day1" name="openApp" time="0.002"/>
  <testcase classname="TestNG.Day1" name="Login" time="0.001"/>
  <testcase classname="TestNG.Day1" name="Logout" time="0.002"/>
</testsuite> <!-- MyTest -->
