<?xml version="1.0" encoding="UTF-8"?>
<!-- Generated by org.testng.reporters.JUnitXMLReporter -->
<testsuite ignored="0" hostname="Vainavi" failures="0" tests="4" name="Test" time="9.698" errors="0" timestamp="2024-08-01T15:37:45 BST">
  <testcase classname="TestNG.OrangeHRM" name="openApp" time="4.747"/>
  <testcase classname="TestNG.OrangeHRM" name="testLogo" time="3.065"/>
  <testcase classname="TestNG.OrangeHRM" name="Login" time="1.403"/>
  <testcase classname="TestNG.OrangeHRM" name="closeApp" time="0.398"/>
</testsuite> <!-- Test -->
