<?xml version="1.0" encoding="UTF-8"?>
<testng-results ignored="6" total="8" passed="2" failed="0" skipped="0">
  <reporter-output>
  </reporter-output>
  <suite started-at="2024-08-08T16:07:59 BST" name="Grouping" finished-at="2024-08-08T16:07:59 BST" duration-ms="94">
    <groups>
      <group name="functional">
        <method signature="PaymentTest.paymentInDollars()[pri:2, instance:TestNG.PaymentTest@7ec7ffd3]" name="paymentInDollars" class="TestNG.PaymentTest"/>
        <method signature="PaymentTest.paymentInRupees()[pri:1, instance:TestNG.PaymentTest@7ec7ffd3]" name="paymentInRupees" class="TestNG.PaymentTest"/>
      </group> <!-- functional -->
      <group name="Sanity">
        <method signature="PaymentTest.paymentInDollars()[pri:2, instance:TestNG.PaymentTest@7ec7ffd3]" name="paymentInDollars" class="TestNG.PaymentTest"/>
        <method signature="PaymentTest.paymentInRupees()[pri:1, instance:TestNG.PaymentTest@7ec7ffd3]" name="paymentInRupees" class="TestNG.PaymentTest"/>
      </group> <!-- Sanity -->
      <group name="Regression">
        <method signature="PaymentTest.paymentInDollars()[pri:2, instance:TestNG.PaymentTest@7ec7ffd3]" name="paymentInDollars" class="TestNG.PaymentTest"/>
        <method signature="PaymentTest.paymentInRupees()[pri:1, instance:TestNG.PaymentTest@7ec7ffd3]" name="paymentInRupees" class="TestNG.PaymentTest"/>
      </group> <!-- Regression -->
    </groups>
    <test started-at="2024-08-08T16:07:59 BST" name="GroupingTest" finished-at="2024-08-08T16:07:59 BST" duration-ms="94">
      <class name="TestNG.PaymentTest">
        <test-method signature="paymentInRupees()[pri:1, instance:TestNG.PaymentTest@7ec7ffd3]" started-at="2024-08-08T16:07:59 BST" name="paymentInRupees" finished-at="2024-08-08T16:07:59 BST" duration-ms="22" status="PASS">
          <reporter-output>
          </reporter-output>
        </test-method> <!-- paymentInRupees -->
        <test-method signature="paymentInDollars()[pri:2, instance:TestNG.PaymentTest@7ec7ffd3]" started-at="2024-08-08T16:07:59 BST" name="paymentInDollars" finished-at="2024-08-08T16:07:59 BST" duration-ms="1" status="PASS">
          <reporter-output>
          </reporter-output>
        </test-method> <!-- paymentInDollars -->
      </class> <!-- TestNG.PaymentTest -->
    </test> <!-- GroupingTest -->
  </suite> <!-- Grouping -->
</testng-results>
