<?xml version="1.0" encoding="UTF-8"?>
<!-- Generated by org.testng.reporters.JUnitXMLReporter -->
<testsuite ignored="6" hostname="Vainavi" failures="0" tests="2" name="GroupingTest" time="0.094" errors="0" timestamp="2024-08-08T16:07:59 BST">
  <testcase classname="TestNG.PaymentTest" name="paymentInRupees" time="0.022"/>
  <testcase classname="TestNG.PaymentTest" name="paymentInDollars" time="0.001"/>
  <testcase classname="TestNG.LoginTest" name="loginByFacebook" time="0.0">
    <ignored/>
  </testcase> <!-- loginByFacebook -->
  <testcase classname="TestNG.SignupTest" name="signupByFacebook" time="0.0">
    <ignored/>
  </testcase> <!-- signupByFacebook -->
  <testcase classname="TestNG.SignupTest" name="signupByEmail" time="0.0">
    <ignored/>
  </testcase> <!-- signupByEmail -->
  <testcase classname="TestNG.SignupTest" name="signupByInstagram" time="0.0">
    <ignored/>
  </testcase> <!-- signupByInstagram -->
  <testcase classname="TestNG.LoginTest" name="loginByEmail" time="0.0">
    <ignored/>
  </testcase> <!-- loginByEmail -->
  <testcase classname="TestNG.LoginTest" name="loginByInstagram" time="0.0">
    <ignored/>
  </testcase> <!-- loginByInstagram -->
</testsuite> <!-- GroupingTest -->
